<?xml version="1.0" encoding="UTF-8"?>
<!-- Generated by org.testng.reporters.JUnitXMLReporter -->
<testsuite hostname="DESKTOP-CIUUGKB" ignored="0" name="Hub Spot App Regression Test Cases" tests="6" failures="1" timestamp="08 Oct 2019 01:49:48 GMT" time="303.536" errors="0">
  <testcase name="createNewContacts" time="10.72" classname="com.qa.hubspot.tests.ContactsPageTest"/>
  <testcase name="createNewContacts" time="12.783" classname="com.qa.hubspot.tests.ContactsPageTest"/>
  <testcase name="createNewContacts" time="20.963" classname="com.qa.hubspot.tests.ContactsPageTest">
    <failure type="org.openqa.selenium.TimeoutException" message="Expected condition failed: waiting for element to be clickable: [[ChromeDriver: chrome on XP (42ca0711960b82dcc2ad659230103bf5)] -&amp;gt; xpath: //input[@data-field=&amp;apos;email&amp;apos;]] (tried for 10 second(s) with 500 milliseconds interval)
Build info: version: &amp;apos;3.141.59&amp;apos;, revision: &amp;apos;e82be7d358&amp;apos;, time: &amp;apos;2018-11-14T08:17:03&amp;apos;
System info: host: &amp;apos;DESKTOP-CIUUGKB&amp;apos;, ip: &amp;apos;192.168.56.1&amp;apos;, os.name: &amp;apos;Windows 10&amp;apos;, os.arch: &amp;apos;amd64&amp;apos;, os.version: &amp;apos;10.0&amp;apos;, java.version: &amp;apos;1.8.0_202&amp;apos;
Driver info: org.openqa.selenium.chrome.ChromeDriver
Capabilities {acceptInsecureCerts: false, browserName: chrome, browserVersion: 77.0.3865.90, chrome: {chromedriverVersion: 77.0.3865.40 (f484704e052e0..., userDataDir: C:\Users\mailp\AppData\Loca...}, goog:chromeOptions: {debuggerAddress: localhost:65506}, javascriptEnabled: true, networkConnectionEnabled: false, pageLoadStrategy: normal, platform: XP, platformName: XP, proxy: Proxy(), setWindowRect: true, strictFileInteractability: false, timeouts: {implicit: 0, pageLoad: 300000, script: 30000}, unhandledPromptBehavior: dismiss and notify}
Session ID: 42ca0711960b82dcc2ad659230103bf5">
      <![CDATA[org.openqa.selenium.TimeoutException: Expected condition failed: waiting for element to be clickable: [[ChromeDriver: chrome on XP (42ca0711960b82dcc2ad659230103bf5)] -> xpath: //input[@data-field='email']] (tried for 10 second(s) with 500 milliseconds interval)
Build info: version: '3.141.59', revision: 'e82be7d358', time: '2018-11-14T08:17:03'
System info: host: 'DESKTOP-CIUUGKB', ip: '192.168.56.1', os.name: 'Windows 10', os.arch: 'amd64', os.version: '10.0', java.version: '1.8.0_202'
Driver info: org.openqa.selenium.chrome.ChromeDriver
Capabilities {acceptInsecureCerts: false, browserName: chrome, browserVersion: 77.0.3865.90, chrome: {chromedriverVersion: 77.0.3865.40 (f484704e052e0..., userDataDir: C:\Users\mailp\AppData\Loca...}, goog:chromeOptions: {debuggerAddress: localhost:65506}, javascriptEnabled: true, networkConnectionEnabled: false, pageLoadStrategy: normal, platform: XP, platformName: XP, proxy: Proxy(), setWindowRect: true, strictFileInteractability: false, timeouts: {implicit: 0, pageLoad: 300000, script: 30000}, unhandledPromptBehavior: dismiss and notify}
Session ID: 42ca0711960b82dcc2ad659230103bf5
at org.openqa.selenium.support.ui.WebDriverWait.timeoutException(WebDriverWait.java:95)
at org.openqa.selenium.support.ui.FluentWait.until(FluentWait.java:272)
at com.qa.hubspot.pages.ContactsPage.createNewContact(ContactsPage.java:47)
at com.qa.hubspot.tests.ContactsPageTest.createNewContacts(ContactsPageTest.java:51)
... Removed 25 stack frames]]>
    </failure>
  </testcase> <!-- createNewContacts -->
  <testcase name="createNewContacts" time="9.517" classname="com.qa.hubspot.tests.ContactsPageTest"/>
  <testcase name="verifyLoginPageTitle" time="0.053" classname="com.qa.hubspot.tests.LoginPageTest"/>
  <testcase name="VerifyHomePageTitle" time="0.024" classname="com.qa.hubspot.tests.HomePageTest"/>
</testsuite> <!-- Hub Spot App Regression Test Cases -->
